node_redis: Warning: Redis server does not require a password, but a password was supplied.
node_redis: Warning: Redis server does not require a password, but a password was supplied.
ReplyError: NOAUTH Authentication required.
    at parseError (D:\QBM_testing(3006)\question-bank-v2\node_modules\redis-parser\lib\parser.js:179:12)
    at parseType (D:\QBM_testing(3006)\question-bank-v2\node_modules\redis-parser\lib\parser.js:302:14) {
  command: 'GET',
  args: [ '74a23dca-0b5f-4ec2-b06e-6255890b1264' ],
  code: 'NOAUTH'
}
RangeError [ERR_HTTP_INVALID_STATUS_CODE]: Invalid status code: ReplyError: NOAUTH Authentication required.
    at parseError (D:\QBM_testing(3006)\question-bank-v2\node_modules\redis-parser\lib\parser.js:179:12)
    at parseType (D:\QBM_testing(3006)\question-bank-v2\node_modules\redis-parser\lib\parser.js:302:14) {
  command: 'GET',
  args: [Array],
  code: 'NOAUTH'
}
    at new NodeError (node:internal/errors:393:5)
    at ServerResponse.writeHead (node:_http_server:343:11)
    at ServerResponse._implicitHeader (node:_http_server:334:8)
    at write_ (node:_http_outgoing:867:9)
    at ServerResponse.end (node:_http_outgoing:977:5)
    at ServerResponse.send (D:\QBM_testing(3006)\question-bank-v2\node_modules\express\lib\response.js:232:10)
    at ServerResponse.json (D:\QBM_testing(3006)\question-bank-v2\node_modules\express\lib\response.js:278:15)
    at ServerResponse.send (D:\QBM_testing(3006)\question-bank-v2\node_modules\express\lib\response.js:162:21)
    at exports.errorResponse (D:\QBM_testing(3006)\question-bank-v2\app\utils\index.js:145:22)
    at D:\QBM_testing(3006)\question-bank-v2\app\middlewares\index.js:22:9
    at Object.callbackOrEmit [as callback_or_emit] (D:\QBM_testing(3006)\question-bank-v2\node_modules\redis\lib\utils.js:89:9)
    at RedisClient.return_error (D:\QBM_testing(3006)\question-bank-v2\node_modules\redis\index.js:642:11)
    at JavascriptRedisParser.returnError (D:\QBM_testing(3006)\question-bank-v2\node_modules\redis\index.js:142:18)
    at JavascriptRedisParser.execute (D:\QBM_testing(3006)\question-bank-v2\node_modules\redis-parser\lib\parser.js:542:14)
    at Socket.<anonymous> (D:\QBM_testing(3006)\question-bank-v2\node_modules\redis\index.js:219:27)
    at Socket.emit (node:events:513:28)
    at addChunk (node:internal/streams/readable:324:12)
    at readableAddChunk (node:internal/streams/readable:297:9)
    at Readable.push (node:internal/streams/readable:234:10)
    at TCP.onStreamRead (node:internal/stream_base_commons:190:23) {
  code: 'ERR_HTTP_INVALID_STATUS_CODE'
}
2023-05-02T18:56:21: error: invalid input syntax for type integer: ""
2023-05-02T18:56:21:     at Parser.parseErrorMessage (D:\QBM_testing(3006)\question-bank-v2\node_modules\pg-protocol\dist\parser.js:287:98)
2023-05-02T18:56:21:     at Parser.handlePacket (D:\QBM_testing(3006)\question-bank-v2\node_modules\pg-protocol\dist\parser.js:126:29)
2023-05-02T18:56:21:     at Parser.parse (D:\QBM_testing(3006)\question-bank-v2\node_modules\pg-protocol\dist\parser.js:39:38)
2023-05-02T18:56:21:     at Socket.<anonymous> (D:\QBM_testing(3006)\question-bank-v2\node_modules\pg-protocol\dist\index.js:11:42)
2023-05-02T18:56:21:     at Socket.emit (node:events:513:28)
2023-05-02T18:56:21:     at addChunk (node:internal/streams/readable:324:12)
2023-05-02T18:56:21:     at readableAddChunk (node:internal/streams/readable:297:9)
2023-05-02T18:56:21:     at Readable.push (node:internal/streams/readable:234:10)
2023-05-02T18:56:21:     at TCP.onStreamRead (node:internal/stream_base_commons:190:23) {
2023-05-02T18:56:21:   length: 138,
2023-05-02T18:56:21:   severity: 'ERROR',
2023-05-02T18:56:21:   code: '22P02',
2023-05-02T18:56:21:   detail: undefined,
2023-05-02T18:56:21:   hint: undefined,
2023-05-02T18:56:21:   position: undefined,
2023-05-02T18:56:21:   internalPosition: undefined,
2023-05-02T18:56:21:   internalQuery: undefined,
2023-05-02T18:56:21:   where: "unnamed portal parameter $1 = '...'",
2023-05-02T18:56:21:   schema: undefined,
2023-05-02T18:56:21:   table: undefined,
2023-05-02T18:56:21:   column: undefined,
2023-05-02T18:56:21:   dataType: undefined,
2023-05-02T18:56:21:   constraint: undefined,
2023-05-02T18:56:21:   file: 'numutils.c',
2023-05-02T18:56:21:   line: '235',
2023-05-02T18:56:21:   routine: 'pg_strtoint32'
2023-05-02T18:56:21: }
2023-05-02T18:56:53: error: invalid input syntax for type integer: ""
2023-05-02T18:56:53:     at Parser.parseErrorMessage (D:\QBM_testing(3006)\question-bank-v2\node_modules\pg-protocol\dist\parser.js:287:98)
2023-05-02T18:56:53:     at Parser.handlePacket (D:\QBM_testing(3006)\question-bank-v2\node_modules\pg-protocol\dist\parser.js:126:29)
2023-05-02T18:56:53:     at Parser.parse (D:\QBM_testing(3006)\question-bank-v2\node_modules\pg-protocol\dist\parser.js:39:38)
2023-05-02T18:56:53:     at Socket.<anonymous> (D:\QBM_testing(3006)\question-bank-v2\node_modules\pg-protocol\dist\index.js:11:42)
2023-05-02T18:56:53:     at Socket.emit (node:events:513:28)
2023-05-02T18:56:53:     at addChunk (node:internal/streams/readable:324:12)
2023-05-02T18:56:53:     at readableAddChunk (node:internal/streams/readable:297:9)
2023-05-02T18:56:53:     at Readable.push (node:internal/streams/readable:234:10)
2023-05-02T18:56:53:     at TCP.onStreamRead (node:internal/stream_base_commons:190:23) {
2023-05-02T18:56:53:   length: 138,
2023-05-02T18:56:53:   severity: 'ERROR',
2023-05-02T18:56:53:   code: '22P02',
2023-05-02T18:56:53:   detail: undefined,
2023-05-02T18:56:53:   hint: undefined,
2023-05-02T18:56:53:   position: undefined,
2023-05-02T18:56:53:   internalPosition: undefined,
2023-05-02T18:56:53:   internalQuery: undefined,
2023-05-02T18:56:53:   where: "unnamed portal parameter $1 = '...'",
2023-05-02T18:56:53:   schema: undefined,
2023-05-02T18:56:53:   table: undefined,
2023-05-02T18:56:53:   column: undefined,
2023-05-02T18:56:53:   dataType: undefined,
2023-05-02T18:56:53:   constraint: undefined,
2023-05-02T18:56:53:   file: 'numutils.c',
2023-05-02T18:56:53:   line: '235',
2023-05-02T18:56:53:   routine: 'pg_strtoint32'
2023-05-02T18:56:53: }
2023-05-02T18:59:39: error: invalid input syntax for type integer: ""
2023-05-02T18:59:39:     at Parser.parseErrorMessage (D:\QBM_testing(3006)\question-bank-v2\node_modules\pg-protocol\dist\parser.js:287:98)
2023-05-02T18:59:39:     at Parser.handlePacket (D:\QBM_testing(3006)\question-bank-v2\node_modules\pg-protocol\dist\parser.js:126:29)
2023-05-02T18:59:39:     at Parser.parse (D:\QBM_testing(3006)\question-bank-v2\node_modules\pg-protocol\dist\parser.js:39:38)
2023-05-02T18:59:39:     at Socket.<anonymous> (D:\QBM_testing(3006)\question-bank-v2\node_modules\pg-protocol\dist\index.js:11:42)
2023-05-02T18:59:39:     at Socket.emit (node:events:513:28)
2023-05-02T18:59:39:     at addChunk (node:internal/streams/readable:324:12)
2023-05-02T18:59:39:     at readableAddChunk (node:internal/streams/readable:297:9)
2023-05-02T18:59:39:     at Readable.push (node:internal/streams/readable:234:10)
2023-05-02T18:59:39:     at TCP.onStreamRead (node:internal/stream_base_commons:190:23) {
2023-05-02T18:59:39:   length: 458,
2023-05-02T18:59:39:   severity: 'ERROR',
2023-05-02T18:59:39:   code: '22P02',
2023-05-02T18:59:39:   detail: undefined,
2023-05-02T18:59:39:   hint: undefined,
2023-05-02T18:59:39:   position: undefined,
2023-05-02T18:59:39:   internalPosition: undefined,
2023-05-02T18:59:39:   internalQuery: undefined,
2023-05-02T18:59:39:   where: 'SQL statement "insert into develop.user_ip_allocations (username, ip_address, ip_protective_action_id, printer_ipaddress) \n' +
2023-05-02T18:59:39:     `\t\tvalues (input_json->>'username',input_json->>'ipaddress', cast(input_json->>'protective_action_id' as int), input_json->>'printeripaddress') returning id"\n` +
2023-05-02T18:59:39:     'PL/pgSQL function develop.fun_ip_allocation(jsonb) line 18 at SQL statement',
2023-05-02T18:59:39:   schema: undefined,
2023-05-02T18:59:39:   table: undefined,
2023-05-02T18:59:39:   column: undefined,
2023-05-02T18:59:39:   dataType: undefined,
2023-05-02T18:59:39:   constraint: undefined,
2023-05-02T18:59:39:   file: 'numutils.c',
2023-05-02T18:59:39:   line: '235',
2023-05-02T18:59:39:   routine: 'pg_strtoint32'
2023-05-02T18:59:39: }
2023-05-02T18:59:40: error: invalid input syntax for type integer: ""
2023-05-02T18:59:40:     at Parser.parseErrorMessage (D:\QBM_testing(3006)\question-bank-v2\node_modules\pg-protocol\dist\parser.js:287:98)
2023-05-02T18:59:40:     at Parser.handlePacket (D:\QBM_testing(3006)\question-bank-v2\node_modules\pg-protocol\dist\parser.js:126:29)
2023-05-02T18:59:40:     at Parser.parse (D:\QBM_testing(3006)\question-bank-v2\node_modules\pg-protocol\dist\parser.js:39:38)
2023-05-02T18:59:40:     at Socket.<anonymous> (D:\QBM_testing(3006)\question-bank-v2\node_modules\pg-protocol\dist\index.js:11:42)
2023-05-02T18:59:40:     at Socket.emit (node:events:513:28)
2023-05-02T18:59:40:     at addChunk (node:internal/streams/readable:324:12)
2023-05-02T18:59:40:     at readableAddChunk (node:internal/streams/readable:297:9)
2023-05-02T18:59:40:     at Readable.push (node:internal/streams/readable:234:10)
2023-05-02T18:59:40:     at TCP.onStreamRead (node:internal/stream_base_commons:190:23) {
2023-05-02T18:59:40:   length: 458,
2023-05-02T18:59:40:   severity: 'ERROR',
2023-05-02T18:59:40:   code: '22P02',
2023-05-02T18:59:40:   detail: undefined,
2023-05-02T18:59:40:   hint: undefined,
2023-05-02T18:59:40:   position: undefined,
2023-05-02T18:59:40:   internalPosition: undefined,
2023-05-02T18:59:40:   internalQuery: undefined,
2023-05-02T18:59:40:   where: 'SQL statement "insert into develop.user_ip_allocations (username, ip_address, ip_protective_action_id, printer_ipaddress) \n' +
2023-05-02T18:59:40:     `\t\tvalues (input_json->>'username',input_json->>'ipaddress', cast(input_json->>'protective_action_id' as int), input_json->>'printeripaddress') returning id"\n` +
2023-05-02T18:59:40:     'PL/pgSQL function develop.fun_ip_allocation(jsonb) line 18 at SQL statement',
2023-05-02T18:59:40:   schema: undefined,
2023-05-02T18:59:40:   table: undefined,
2023-05-02T18:59:40:   column: undefined,
2023-05-02T18:59:40:   dataType: undefined,
2023-05-02T18:59:40:   constraint: undefined,
2023-05-02T18:59:40:   file: 'numutils.c',
2023-05-02T18:59:40:   line: '235',
2023-05-02T18:59:40:   routine: 'pg_strtoint32'
2023-05-02T18:59:40: }
2023-05-02T18:59:40: error: invalid input syntax for type integer: ""
2023-05-02T18:59:40:     at Parser.parseErrorMessage (D:\QBM_testing(3006)\question-bank-v2\node_modules\pg-protocol\dist\parser.js:287:98)
2023-05-02T18:59:40:     at Parser.handlePacket (D:\QBM_testing(3006)\question-bank-v2\node_modules\pg-protocol\dist\parser.js:126:29)
2023-05-02T18:59:40:     at Parser.parse (D:\QBM_testing(3006)\question-bank-v2\node_modules\pg-protocol\dist\parser.js:39:38)
2023-05-02T18:59:40:     at Socket.<anonymous> (D:\QBM_testing(3006)\question-bank-v2\node_modules\pg-protocol\dist\index.js:11:42)
2023-05-02T18:59:40:     at Socket.emit (node:events:513:28)
2023-05-02T18:59:40:     at addChunk (node:internal/streams/readable:324:12)
2023-05-02T18:59:40:     at readableAddChunk (node:internal/streams/readable:297:9)
2023-05-02T18:59:40:     at Readable.push (node:internal/streams/readable:234:10)
2023-05-02T18:59:40:     at TCP.onStreamRead (node:internal/stream_base_commons:190:23) {
2023-05-02T18:59:40:   length: 458,
2023-05-02T18:59:40:   severity: 'ERROR',
2023-05-02T18:59:40:   code: '22P02',
2023-05-02T18:59:40:   detail: undefined,
2023-05-02T18:59:40:   hint: undefined,
2023-05-02T18:59:40:   position: undefined,
2023-05-02T18:59:40:   internalPosition: undefined,
2023-05-02T18:59:40:   internalQuery: undefined,
2023-05-02T18:59:40:   where: 'SQL statement "insert into develop.user_ip_allocations (username, ip_address, ip_protective_action_id, printer_ipaddress) \n' +
2023-05-02T18:59:40:     `\t\tvalues (input_json->>'username',input_json->>'ipaddress', cast(input_json->>'protective_action_id' as int), input_json->>'printeripaddress') returning id"\n` +
2023-05-02T18:59:40:     'PL/pgSQL function develop.fun_ip_allocation(jsonb) line 18 at SQL statement',
2023-05-02T18:59:40:   schema: undefined,
2023-05-02T18:59:40:   table: undefined,
2023-05-02T18:59:40:   column: undefined,
2023-05-02T18:59:40:   dataType: undefined,
2023-05-02T18:59:40:   constraint: undefined,
2023-05-02T18:59:40:   file: 'numutils.c',
2023-05-02T18:59:40:   line: '235',
2023-05-02T18:59:40:   routine: 'pg_strtoint32'
2023-05-02T18:59:40: }
2023-05-03T10:14:51: TypeError: Cannot read properties of null (reading 'username')
2023-05-03T10:14:51:     at Command.callback (D:\QBM_testing(3006)\question-bank-v2\app\controllers\loginController.js:333:32)
2023-05-03T10:14:51:     at normal_reply (D:\QBM_testing(3006)\question-bank-v2\node_modules\redis\index.js:655:21)
2023-05-03T10:14:51:     at RedisClient.return_reply (D:\QBM_testing(3006)\question-bank-v2\node_modules\redis\index.js:753:9)
2023-05-03T10:14:51:     at JavascriptRedisParser.returnReply (D:\QBM_testing(3006)\question-bank-v2\node_modules\redis\index.js:138:18)
2023-05-03T10:14:51:     at JavascriptRedisParser.execute (D:\QBM_testing(3006)\question-bank-v2\node_modules\redis-parser\lib\parser.js:544:14)
2023-05-03T10:14:51:     at Socket.<anonymous> (D:\QBM_testing(3006)\question-bank-v2\node_modules\redis\index.js:219:27)
2023-05-03T10:14:51:     at Socket.emit (node:events:513:28)
2023-05-03T10:14:51:     at addChunk (node:internal/streams/readable:324:12)
2023-05-03T10:14:51:     at readableAddChunk (node:internal/streams/readable:297:9)
2023-05-03T10:14:51:     at Readable.push (node:internal/streams/readable:234:10)
2023-05-03T10:14:51:     at TCP.onStreamRead (node:internal/stream_base_commons:190:23)
2023-05-03T10:14:58: TypeError: Cannot read properties of null (reading 'username')
2023-05-03T10:14:58:     at Command.callback (D:\QBM_testing(3006)\question-bank-v2\app\controllers\loginController.js:333:32)
2023-05-03T10:14:58:     at normal_reply (D:\QBM_testing(3006)\question-bank-v2\node_modules\redis\index.js:655:21)
2023-05-03T10:14:58:     at RedisClient.return_reply (D:\QBM_testing(3006)\question-bank-v2\node_modules\redis\index.js:753:9)
2023-05-03T10:14:58:     at JavascriptRedisParser.returnReply (D:\QBM_testing(3006)\question-bank-v2\node_modules\redis\index.js:138:18)
2023-05-03T10:14:58:     at JavascriptRedisParser.execute (D:\QBM_testing(3006)\question-bank-v2\node_modules\redis-parser\lib\parser.js:544:14)
2023-05-03T10:14:58:     at Socket.<anonymous> (D:\QBM_testing(3006)\question-bank-v2\node_modules\redis\index.js:219:27)
2023-05-03T10:14:58:     at Socket.emit (node:events:513:28)
2023-05-03T10:14:58:     at addChunk (node:internal/streams/readable:324:12)
2023-05-03T10:14:58:     at readableAddChunk (node:internal/streams/readable:297:9)
2023-05-03T10:14:58:     at Readable.push (node:internal/streams/readable:234:10)
2023-05-03T10:14:58:     at TCP.onStreamRead (node:internal/stream_base_commons:190:23)
2023-05-03T14:16:57: Error: net::ERR_EMPTY_RESPONSE at http://localhost:3006/print/question-paper/156/1/3999
2023-05-03T14:16:57:     at navigate (D:\QBM_testing(3006)\question-bank-v2\node_modules\puppeteer\lib\cjs\puppeteer\common\FrameManager.js:115:23)
2023-05-03T14:16:57:     at process.processTicksAndRejections (node:internal/process/task_queues:95:5)
2023-05-03T14:16:57:     at async FrameManager.navigateFrame (D:\QBM_testing(3006)\question-bank-v2\node_modules\puppeteer\lib\cjs\puppeteer\common\FrameManager.js:90:21)
2023-05-03T14:16:57:     at async Frame.goto (D:\QBM_testing(3006)\question-bank-v2\node_modules\puppeteer\lib\cjs\puppeteer\common\FrameManager.js:417:16)
2023-05-03T14:16:57:     at async Page.goto (D:\QBM_testing(3006)\question-bank-v2\node_modules\puppeteer\lib\cjs\puppeteer\common\Page.js:784:16)
2023-05-03T14:16:57:     at async Object.generatePdf (D:\QBM_testing(3006)\question-bank-v2\node_modules\html-pdf-node\index.js:32:5)
2023-05-03T17:05:28: Error: net::ERR_EMPTY_RESPONSE at http://localhost:3006/print/question-paper/144/1/3908
2023-05-03T17:05:28:     at navigate (D:\QBM_testing(3006)\question-bank-v2\node_modules\puppeteer\lib\cjs\puppeteer\common\FrameManager.js:115:23)
2023-05-03T17:05:28:     at process.processTicksAndRejections (node:internal/process/task_queues:95:5)
2023-05-03T17:05:28:     at async FrameManager.navigateFrame (D:\QBM_testing(3006)\question-bank-v2\node_modules\puppeteer\lib\cjs\puppeteer\common\FrameManager.js:90:21)
2023-05-03T17:05:28:     at async Frame.goto (D:\QBM_testing(3006)\question-bank-v2\node_modules\puppeteer\lib\cjs\puppeteer\common\FrameManager.js:417:16)
2023-05-03T17:05:28:     at async Page.goto (D:\QBM_testing(3006)\question-bank-v2\node_modules\puppeteer\lib\cjs\puppeteer\common\Page.js:784:16)
2023-05-03T17:05:28:     at async Object.generatePdf (D:\QBM_testing(3006)\question-bank-v2\node_modules\html-pdf-node\index.js:32:5)
2023-05-03T17:07:09: Error: net::ERR_EMPTY_RESPONSE at http://localhost:3006/print/question-paper/144/1/3908
2023-05-03T17:07:09:     at navigate (D:\QBM_testing(3006)\question-bank-v2\node_modules\puppeteer\lib\cjs\puppeteer\common\FrameManager.js:115:23)
2023-05-03T17:07:09:     at process.processTicksAndRejections (node:internal/process/task_queues:95:5)
2023-05-03T17:07:09:     at async FrameManager.navigateFrame (D:\QBM_testing(3006)\question-bank-v2\node_modules\puppeteer\lib\cjs\puppeteer\common\FrameManager.js:90:21)
2023-05-03T17:07:09:     at async Frame.goto (D:\QBM_testing(3006)\question-bank-v2\node_modules\puppeteer\lib\cjs\puppeteer\common\FrameManager.js:417:16)
2023-05-03T17:07:09:     at async Page.goto (D:\QBM_testing(3006)\question-bank-v2\node_modules\puppeteer\lib\cjs\puppeteer\common\Page.js:784:16)
2023-05-03T17:07:09:     at async Object.generatePdf (D:\QBM_testing(3006)\question-bank-v2\node_modules\html-pdf-node\index.js:32:5)
